{"total": {"lines":{"total":40,"covered":37,"skipped":0,"pct":92.5},"statements":{"total":40,"covered":37,"skipped":0,"pct":92.5},"functions":{"total":12,"covered":11,"skipped":0,"pct":91.66},"branches":{"total":15,"covered":11,"skipped":0,"pct":73.33},"branchesTrue":{"total":0,"covered":0,"skipped":0,"pct":"Unknown"}}
,"/home/runner/work/web-client/web-client/src/util/sessionObject.ts": {"lines":{"total":40,"covered":37,"skipped":0,"pct":92.5},"functions":{"total":12,"covered":11,"skipped":0,"pct":91.66},"statements":{"total":40,"covered":37,"skipped":0,"pct":92.5},"branches":{"total":15,"covered":11,"skipped":0,"pct":73.33}}
}
